2025-02-13 07:38:13,924 - INFO - [LINK] Memproses URL: https://www.terabox.com/sharing/link?surl=wpTC2qJSUd8P1hwLW4lCdw
2025-02-13 07:38:13,925 - INFO - 🔗 Memproses URL: https://www.terabox.com/sharing/link?surl=wpTC2qJSUd8P1hwLW4lCdw
2025-02-13 07:42:04,090 - INFO - [LINK] Memproses URL: https://1024terabox.com/s/1bTpSjIS8nsbh5I5i5EQM6g
2025-02-13 07:42:04,090 - INFO - 🔗 Memproses URL: https://1024terabox.com/s/1bTpSjIS8nsbh5I5i5EQM6g
2025-02-13 07:45:31,172 - INFO - [LINK] Memproses URL: https://1024terabox.com/s/1bTpSjIS8nsbh5I5i5EQM6g
2025-02-13 07:45:31,172 - INFO - 🔗 Memproses URL: https://1024terabox.com/s/1bTpSjIS8nsbh5I5i5EQM6g
2025-02-13 07:45:40,346 - INFO - [LINK] Memproses URL: https://1024terabox.com/s/1bTpSjIS8nsbh5I5i5EQM6g
2025-02-13 07:45:40,346 - INFO - 🔗 Memproses URL: https://1024terabox.com/s/1bTpSjIS8nsbh5I5i5EQM6g
2025-02-13 07:53:22,423 - INFO - [LINK] Memproses URL: https://www.terabox.app/sharing/link?surl=Q-QQmOHILsZfcT84aCKyEg
2025-02-13 07:53:22,423 - INFO - 🔗 Memproses URL: https://www.terabox.com/sharing/link?surl=Q-QQmOHILsZfcT84aCKyEg
2025-02-13 07:54:36,105 - INFO - [LINK] Memproses URL: https://www.terabox.app/sharing/link?surl=Q-QQmOHILsZfcT84aCKyEg
2025-02-13 07:54:36,105 - INFO - 🔗 Memproses URL: https://www.terabox.com/sharing/link?surl=Q-QQmOHILsZfcT84aCKyEg
2025-02-13 07:56:47,006 - INFO - [LINK] Memproses URL: https://www.1024tera.com/sharing/link?surl=a1ndsDqb1SkVpe_z-px5OQ
2025-02-13 07:56:47,006 - INFO - 🔗 Memproses URL: https://www.terabox.com/sharing/link?surl=a1ndsDqb1SkVpe_z-px5OQ
2025-02-13 07:59:52,163 - INFO - [LINK] Memproses URL: https://www.1024tera.com/sharing/link?surl=pZOtEPE8G-SAU4vQ3VEhHA
2025-02-13 07:59:52,164 - INFO - 🔗 Memproses URL: https://www.terabox.com/sharing/link?surl=pZOtEPE8G-SAU4vQ3VEhHA
2025-02-13 08:00:56,088 - INFO - [LINK] Memproses URL: https://www.1024tera.com/sharing/link?surl=I8At672gcEJOngajsExy2w
2025-02-13 08:00:56,088 - INFO - 🔗 Memproses URL: https://www.terabox.com/sharing/link?surl=I8At672gcEJOngajsExy2w
2025-02-13 08:01:56,070 - INFO - [LINK] Memproses URL: https://www.terabox.com/sharing/link?surl=ysQ4aS7uzRzaDdp1YQkCrw
2025-02-13 08:01:56,070 - INFO - 🔗 Memproses URL: https://www.terabox.com/sharing/link?surl=ysQ4aS7uzRzaDdp1YQkCrw
2025-02-13 15:25:23,182 - INFO - [LINK] Memproses URL: https://1024terabox.com/s/1cLsWHtcpz5rAApE7HTwS5w
2025-02-13 15:25:23,183 - INFO - 🔗 Memproses URL: https://1024terabox.com/s/1cLsWHtcpz5rAApE7HTwS5w
2025-02-13 16:02:09,981 - ERROR - Error downloading Abang & Adek Fujian (PART 1).zip: 'TeraboxDownloader' object has no attribute 'TeraboxLink'
2025-02-13 16:03:16,725 - ERROR - Error downloading Abang & Adek Fujian (PART 1).zip: 'TeraboxDownloader' object has no attribute 'TeraboxLink'
2025-02-13 16:05:35,663 - ERROR - Error downloading Abang & Adek Fujian (PART 1).zip: TeraboxDownloader.download_file() got an unexpected keyword argument 'progress_callback'
2025-02-13 16:14:11,894 - ERROR - Aria2 download error: Download dibatalkan oleh pengguna
2025-02-13 16:14:32,846 - ERROR - Aria2 download error: Download dibatalkan oleh pengguna
2025-02-13 16:16:03,205 - ERROR - Aria2 download error: Download dibatalkan oleh pengguna
2025-02-13 16:17:51,709 - INFO - Mengambil link download untuk Abang & Adek Fujian (PART 1).zip...
2025-02-13 16:17:53,783 - INFO - URL download: https://d.terabox.com/file/cc892c0e0ba43e8420236155a701d163?fid=4398562320602-250528-510394384258503&dstime=1739438272&expires=1739442091&rt=sh&chkv=1&sign=FDtERVA-DCb740ccc5511e5e8fedcff06b081203-4suCoveTbgDBMDbXZbq%2BIsFPf1E%3D&r=653389656&sharesign=yKXI5EW4KDJTF5Vj/wCTdP58F7jnhNZu99jWzBX61FzSoF0SV7JGGbQcZ5sOrZ4oggyWB5KfAH+MkX/iyROkAkdk2bTfizmG95lp5C/rhAY=&sh=1&region=jp
2025-02-13 16:17:53,785 - INFO - Memulai download Abang & Adek Fujian (PART 1).zip (186.50 MB)
2025-02-13 16:17:53,788 - INFO - Menggunakan aria2 untuk download...
2025-02-13 16:17:53,791 - INFO - Konfigurasi aria2 berhasil dibuat
2025-02-13 16:17:53,847 - INFO - Download berhasil ditambahkan ke aria2
2025-02-13 16:17:54,381 - INFO - Progress: 0.0% Speed: 0.00 B/s
2025-02-13 16:17:54,983 - INFO - Progress: 0.0% Speed: 0.00 B/s
2025-02-13 16:17:55,576 - INFO - Progress: 0.0% Speed: 0.00 B/s
2025-02-13 16:17:55,577 - ERROR - Aria2 error: Download stuck - tidak ada progress
2025-02-13 16:17:55,577 - ERROR - Aria2 download error: Download stuck - tidak ada progress
2025-02-13 16:18:01,198 - INFO - Mengambil link download untuk Abang & Adek Fujian (PART 1).zip...
2025-02-13 16:18:02,978 - INFO - URL download: https://d.terabox.com/file/cc892c0e0ba43e8420236155a701d163?fid=4398562320602-250528-510394384258503&dstime=1739438281&expires=1739442100&rt=sh&chkv=1&sign=FDtERVA-DCb740ccc5511e5e8fedcff06b081203-3KA0bRru%2BGOZKXlhV8XcyJN2c7o%3D&r=329858028&sharesign=yKXI5EW4KDJTF5Vj/wCTdP58F7jnhNZu99jWzBX61FzSoF0SV7JGGbQcZ5sOrZ4oggyWB5KfAH+MkX/iyROkAkdk2bTfizmG95lp5C/rhAY=&sh=1&region=jp
2025-02-13 16:18:02,981 - INFO - Memulai download Abang & Adek Fujian (PART 1).zip (186.50 MB)
2025-02-13 16:18:02,984 - INFO - Menggunakan aria2 untuk download...
2025-02-13 16:18:02,987 - INFO - Konfigurasi aria2 berhasil dibuat
2025-02-13 16:18:03,023 - INFO - Download berhasil ditambahkan ke aria2
2025-02-13 16:18:03,525 - INFO - Progress: 0.0% Speed: 0.00 B/s
2025-02-13 16:18:04,138 - INFO - Progress: 0.0% Speed: 0.00 B/s
2025-02-13 16:18:04,725 - INFO - Progress: 0.0% Speed: 0.00 B/s
2025-02-13 16:18:04,726 - ERROR - Aria2 error: Download stuck - tidak ada progress
2025-02-13 16:18:04,726 - ERROR - Aria2 download error: Download stuck - tidak ada progress
2025-02-13 16:20:29,963 - INFO - Mengambil link download untuk Abang & Adek Fujian (PART 1).zip...
2025-02-13 16:20:31,954 - INFO - URL download: https://d.terabox.com/file/cc892c0e0ba43e8420236155a701d163?fid=4398562320602-250528-510394384258503&dstime=1739438430&expires=1739442249&rt=sh&chkv=1&sign=FDtERVA-DCb740ccc5511e5e8fedcff06b081203-KRbd5ix%2F4LC89NgIQywut4cs5nE%3D&r=989173971&sharesign=yKXI5EW4KDJTF5Vj/wCTdP58F7jnhNZu99jWzBX61FzSoF0SV7JGGbQcZ5sOrZ4oggyWB5KfAH+MkX/iyROkAkdk2bTfizmG95lp5C/rhAY=&sh=1&region=jp
2025-02-13 16:20:32,292 - INFO - Memulai download Abang & Adek Fujian (PART 1).zip (186.50 MB)
2025-02-13 16:20:32,464 - INFO - Menggunakan aria2 untuk download...
2025-02-13 16:20:32,465 - INFO - Konfigurasi aria2 berhasil dibuat dengan trackers
2025-02-13 16:20:32,495 - INFO - Download berhasil ditambahkan ke aria2
2025-02-13 16:20:33,012 - INFO - Progress: 0.0% Speed: 0.00 B/s
2025-02-13 16:20:33,595 - INFO - Progress: 0.0% Speed: 0.00 B/s
2025-02-13 16:20:34,206 - INFO - Progress: 0.0% Speed: 0.00 B/s
2025-02-13 16:20:34,207 - INFO - Download stuck, mencoba restart...
2025-02-13 16:20:34,722 - INFO - Progress: 0.0% Speed: 0.00 B/s
2025-02-13 16:20:35,331 - INFO - Progress: 0.0% Speed: 0.00 B/s
2025-02-13 16:20:35,929 - INFO - Progress: 0.0% Speed: 0.00 B/s
2025-02-13 16:20:35,930 - INFO - Download stuck, mencoba restart...
2025-02-13 16:20:36,473 - INFO - Progress: 0.0% Speed: 0.00 B/s
2025-02-13 16:20:37,066 - INFO - Progress: 0.0% Speed: 0.00 B/s
2025-02-13 16:20:37,682 - INFO - Progress: 0.0% Speed: 0.00 B/s
2025-02-13 16:20:37,683 - INFO - Download stuck, mencoba restart...
2025-02-13 16:20:38,236 - INFO - Progress: 0.0% Speed: 0.00 B/s
2025-02-13 16:20:38,811 - INFO - Progress: 0.0% Speed: 0.00 B/s
2025-02-13 16:20:39,412 - INFO - Progress: 0.0% Speed: 0.00 B/s
2025-02-13 16:20:39,412 - INFO - Download stuck, mencoba restart...
2025-02-13 16:20:39,996 - INFO - Progress: 0.0% Speed: 0.00 B/s
2025-02-13 16:20:40,606 - INFO - Progress: 0.0% Speed: 0.00 B/s
2025-02-13 16:20:41,175 - INFO - Progress: 0.0% Speed: 0.00 B/s
2025-02-13 16:20:41,175 - INFO - Download stuck, mencoba restart...
2025-02-13 16:20:41,691 - INFO - Progress: 0.0% Speed: 0.00 B/s
2025-02-13 16:20:42,264 - INFO - Progress: 0.0% Speed: 0.00 B/s
2025-02-13 16:20:42,862 - INFO - Progress: 0.0% Speed: 0.00 B/s
2025-02-13 16:20:42,862 - INFO - Download stuck, mencoba restart...
2025-02-13 16:20:43,395 - INFO - Progress: 0.0% Speed: 0.00 B/s
2025-02-13 16:20:43,992 - INFO - Progress: 0.0% Speed: 0.00 B/s
2025-02-13 16:20:44,581 - INFO - Progress: 0.0% Speed: 0.00 B/s
2025-02-13 16:20:44,581 - INFO - Download stuck, mencoba restart...
2025-02-13 16:20:45,137 - INFO - Progress: 0.0% Speed: 0.00 B/s
2025-02-13 16:20:45,639 - INFO - Progress: 0.0% Speed: 0.00 B/s
2025-02-13 16:20:46,227 - INFO - Progress: 0.0% Speed: 0.00 B/s
2025-02-13 16:20:46,228 - INFO - Download stuck, mencoba restart...
2025-02-13 16:20:46,771 - INFO - Progress: 0.0% Speed: 0.00 B/s
2025-02-13 16:20:47,363 - INFO - Progress: 0.0% Speed: 0.00 B/s
2025-02-13 16:20:47,922 - INFO - Progress: 0.0% Speed: 0.00 B/s
2025-02-13 16:20:47,922 - INFO - Download stuck, mencoba restart...
2025-02-13 16:20:48,438 - INFO - Progress: 0.0% Speed: 0.00 B/s
2025-02-13 16:20:49,042 - INFO - Progress: 0.0% Speed: 0.00 B/s
2025-02-13 16:20:49,637 - INFO - Progress: 0.0% Speed: 0.00 B/s
2025-02-13 16:20:49,637 - INFO - Download stuck, mencoba restart...
2025-02-13 16:20:50,139 - INFO - Progress: 0.0% Speed: 0.00 B/s
2025-02-13 16:20:50,716 - INFO - Progress: 0.0% Speed: 0.00 B/s
2025-02-13 16:20:51,250 - INFO - Progress: 0.0% Speed: 0.00 B/s
2025-02-13 16:20:51,292 - INFO - Download stuck, mencoba restart...
2025-02-13 16:20:51,852 - INFO - Progress: 0.0% Speed: 0.00 B/s
2025-02-13 16:20:52,378 - INFO - Progress: 0.0% Speed: 0.00 B/s
2025-02-13 16:20:52,951 - INFO - Progress: 0.0% Speed: 0.00 B/s
2025-02-13 16:20:53,043 - INFO - Download stuck, mencoba restart...
2025-02-13 16:20:53,573 - INFO - Progress: 0.0% Speed: 0.00 B/s
2025-02-13 16:20:54,151 - INFO - Progress: 0.0% Speed: 0.00 B/s
2025-02-13 16:20:54,711 - INFO - Progress: 0.0% Speed: 0.00 B/s
2025-02-13 16:20:54,712 - INFO - Download stuck, mencoba restart...
2025-02-13 16:20:55,012 - ERROR - Aria2 download error: Download dibatalkan oleh pengguna
2025-02-13 16:20:55,888 - INFO - Mengambil link download untuk Abang & Adek Fujian (PART 1).zip...
2025-02-13 16:20:58,147 - INFO - URL download: https://d.terabox.com/file/cc892c0e0ba43e8420236155a701d163?fid=4398562320602-250528-510394384258503&dstime=1739438456&expires=1739442275&rt=sh&chkv=1&sign=FDtERVA-DCb740ccc5511e5e8fedcff06b081203-g6B3TGJvF7IRamQFw4yyKlClOJs%3D&r=667254706&sharesign=yKXI5EW4KDJTF5Vj/wCTdP58F7jnhNZu99jWzBX61FzSoF0SV7JGGbQcZ5sOrZ4oggyWB5KfAH+MkX/iyROkAkdk2bTfizmG95lp5C/rhAY=&sh=1&region=jp
2025-02-13 16:20:58,310 - INFO - Memulai download Abang & Adek Fujian (PART 1).zip (186.50 MB)
2025-02-13 16:20:58,311 - INFO - Menggunakan aria2 untuk download...
2025-02-13 16:20:58,311 - INFO - Konfigurasi aria2 berhasil dibuat dengan trackers
2025-02-13 16:20:58,382 - INFO - Download berhasil ditambahkan ke aria2
2025-02-13 16:20:58,961 - INFO - Progress: 0.0% Speed: 0.00 B/s
2025-02-13 16:20:59,544 - INFO - Progress: 0.0% Speed: 0.00 B/s
2025-02-13 16:21:00,116 - INFO - Progress: 0.0% Speed: 0.00 B/s
2025-02-13 16:21:00,116 - INFO - Download stuck, mencoba restart...
2025-02-13 16:21:00,644 - INFO - Progress: 0.0% Speed: 0.00 B/s
2025-02-13 16:21:01,197 - INFO - Progress: 0.0% Speed: 0.00 B/s
2025-02-13 16:21:01,816 - INFO - Progress: 0.0% Speed: 0.00 B/s
2025-02-13 16:21:01,816 - INFO - Download stuck, mencoba restart...
2025-02-13 16:21:02,367 - INFO - Progress: 0.0% Speed: 0.00 B/s
2025-02-13 16:21:02,932 - INFO - Progress: 0.0% Speed: 0.00 B/s
2025-02-13 16:21:03,514 - INFO - Progress: 0.0% Speed: 0.00 B/s
2025-02-13 16:21:03,516 - INFO - Download stuck, mencoba restart...
2025-02-13 16:21:04,097 - INFO - Progress: 0.0% Speed: 0.00 B/s
2025-02-13 16:21:04,668 - INFO - Progress: 0.0% Speed: 0.00 B/s
2025-02-13 16:21:05,207 - INFO - Progress: 0.0% Speed: 0.00 B/s
2025-02-13 16:21:05,209 - INFO - Download stuck, mencoba restart...
2025-02-13 16:21:05,755 - INFO - Progress: 0.0% Speed: 0.00 B/s
2025-02-13 16:21:06,355 - INFO - Progress: 0.0% Speed: 0.00 B/s
2025-02-13 16:21:06,911 - INFO - Progress: 0.0% Speed: 0.00 B/s
2025-02-13 16:21:06,911 - INFO - Download stuck, mencoba restart...
2025-02-13 16:21:07,417 - INFO - Progress: 0.0% Speed: 0.00 B/s
2025-02-13 16:21:07,981 - INFO - Progress: 0.0% Speed: 0.00 B/s
2025-02-13 16:21:08,573 - INFO - Progress: 0.0% Speed: 0.00 B/s
2025-02-13 16:21:08,626 - INFO - Download stuck, mencoba restart...
2025-02-13 16:21:09,132 - INFO - Progress: 0.0% Speed: 0.00 B/s
2025-02-13 16:21:09,375 - ERROR - Aria2 download error: Download dibatalkan oleh pengguna
2025-02-13 16:24:07,580 - INFO - Aria2 berhasil disetup
2025-02-13 16:24:17,223 - INFO - Mengambil link download untuk Abang & Adek Fujian (PART 1).zip...
2025-02-13 16:24:20,624 - INFO - URL download: https://d.terabox.com/file/cc892c0e0ba43e8420236155a701d163?fid=4398562320602-250528-510394384258503&dstime=1739438657&expires=1739442476&rt=sh&chkv=1&sign=FDtERVA-DCb740ccc5511e5e8fedcff06b081203-Ak0GkOczbZ9OyHs7GVzIxajbFTs%3D&r=135724457&sharesign=yKXI5EW4KDJTF5Vj/wCTdP58F7jnhNZu99jWzBX61FzSoF0SV7JGGbQcZ5sOrZ4oggyWB5KfAH+MkX/iyROkAkdk2bTfizmG95lp5C/rhAY=&sh=1&region=jp
2025-02-13 16:24:20,626 - INFO - Memulai download Abang & Adek Fujian (PART 1).zip (186.50 MB)
2025-02-13 17:03:10,484 - INFO - Aria2 berhasil disetup
2025-02-13 17:03:17,765 - INFO - Mengambil link download untuk Abang & Adek Fujian (PART 1).zip...
2025-02-13 17:03:19,213 - INFO - URL download: https://d.terabox.com/file/cc892c0e0ba43e8420236155a701d163?fid=4398562320602-250528-510394384258503&dstime=1739440998&expires=1739444817&rt=sh&chkv=1&sign=FDtERVA-DCb740ccc5511e5e8fedcff06b081203-wf3eB6vLgLtLw2XC0YnAC1I8xno%3D&r=167557976&sharesign=yKXI5EW4KDJTF5Vj/wCTdP58F7jnhNZu99jWzBX61FyHB6P1858dNLQcZ5sOrZ4oggyWB5KfAH+MkX/iyROkAkdk2bTfizmG95lp5C/rhAY=&sh=1&region=jp
2025-02-13 17:03:19,344 - INFO - Memulai download Abang & Adek Fujian (PART 1).zip (186.50 MB)
2025-02-13 17:03:19,410 - INFO - Konfigurasi aria2 berhasil dibuat dengan trackers
2025-02-13 17:03:19,453 - INFO - Download berhasil ditambahkan ke aria2
2025-02-13 17:03:20,035 - INFO - Progress: 0.0% Speed: 0.00 B/s
2025-02-13 17:03:20,654 - INFO - Progress: 0.0% Speed: 0.00 B/s
2025-02-13 17:03:21,206 - INFO - Progress: 0.0% Speed: 0.00 B/s
2025-02-13 17:03:21,207 - INFO - Download stuck, mencoba restart...
2025-02-13 17:03:21,761 - INFO - Progress: 0.0% Speed: 0.00 B/s
2025-02-13 17:03:22,340 - INFO - Progress: 0.2% Speed: 700.28 KB/s
2025-02-13 17:03:22,926 - INFO - Progress: 0.2% Speed: 313.58 KB/s
2025-02-13 17:03:23,518 - INFO - Progress: 0.2% Speed: 201.41 KB/s
2025-02-13 17:03:24,087 - INFO - Progress: 0.2% Speed: 149.88 KB/s
2025-02-13 17:03:24,088 - INFO - Download stuck, mencoba restart...
2025-02-13 17:03:24,644 - INFO - Progress: 0.0% Speed: 0.00 B/s
2025-02-13 17:03:25,243 - INFO - Progress: 0.2% Speed: 0.00 B/s
2025-02-13 17:03:25,745 - INFO - Progress: 0.2% Speed: 0.00 B/s
2025-02-13 17:03:26,346 - INFO - Progress: 0.2% Speed: 0.00 B/s
2025-02-13 17:03:26,934 - INFO - Progress: 0.2% Speed: 0.00 B/s
2025-02-13 17:03:26,934 - INFO - Download stuck, mencoba restart...
2025-02-13 17:03:27,462 - INFO - Progress: 0.0% Speed: 0.00 B/s
2025-02-13 17:03:28,047 - INFO - Progress: 0.2% Speed: 0.00 B/s
2025-02-13 17:03:28,670 - INFO - Progress: 0.2% Speed: 0.00 B/s
2025-02-13 17:03:29,263 - INFO - Progress: 0.2% Speed: 0.00 B/s
2025-02-13 17:03:29,860 - INFO - Progress: 0.2% Speed: 0.00 B/s
2025-02-13 17:03:29,861 - INFO - Download stuck, mencoba restart...
2025-02-13 17:03:30,385 - INFO - Progress: 0.0% Speed: 0.00 B/s
2025-02-13 17:03:30,973 - INFO - Progress: 0.2% Speed: 0.00 B/s
2025-02-13 17:03:31,577 - INFO - Progress: 0.2% Speed: 0.00 B/s
2025-02-13 17:03:32,183 - INFO - Progress: 0.2% Speed: 0.00 B/s
2025-02-13 17:03:32,777 - INFO - Progress: 0.2% Speed: 0.00 B/s
2025-02-13 17:03:32,777 - INFO - Download stuck, mencoba restart...
2025-02-13 17:03:33,387 - INFO - Progress: 0.2% Speed: 0.00 B/s
2025-02-13 17:03:33,991 - INFO - Progress: 0.2% Speed: 0.00 B/s
2025-02-13 17:03:34,586 - INFO - Progress: 0.2% Speed: 0.00 B/s
2025-02-13 17:03:34,684 - INFO - Download stuck, mencoba restart...
2025-02-13 17:03:35,115 - INFO - Progress: 0.0% Speed: 0.00 B/s
2025-02-13 17:03:35,658 - INFO - Progress: 0.2% Speed: 0.00 B/s
2025-02-13 17:03:36,173 - INFO - Progress: 0.2% Speed: 373.39 KB/s
2025-02-13 17:03:36,706 - INFO - Progress: 0.3% Speed: 381.82 KB/s
2025-02-13 17:03:37,322 - INFO - Progress: 0.3% Speed: 223.86 KB/s
2025-02-13 17:03:37,915 - INFO - Progress: 0.3% Speed: 160.03 KB/s
2025-02-13 17:03:38,532 - INFO - Progress: 0.3% Speed: 123.50 KB/s
2025-02-13 17:03:38,532 - INFO - Download stuck, mencoba restart...
2025-02-13 17:03:39,108 - INFO - Progress: 0.0% Speed: 0.00 B/s
2025-02-13 17:03:39,695 - INFO - Progress: 25.9% Speed: 0.00 B/s
2025-02-13 17:03:40,295 - INFO - Progress: 25.9% Speed: 0.00 B/s
2025-02-13 17:03:40,887 - INFO - Progress: 25.9% Speed: 0.00 B/s
2025-02-13 17:03:41,503 - INFO - Progress: 25.9% Speed: 0.00 B/s
2025-02-13 17:03:41,504 - INFO - Download stuck, mencoba restart...
2025-02-13 17:03:42,061 - INFO - Progress: 0.0% Speed: 0.00 B/s
2025-02-13 17:03:42,683 - INFO - Progress: 25.9% Speed: 0.00 B/s
2025-02-13 17:03:43,184 - INFO - Progress: 25.9% Speed: 0.00 B/s
2025-02-13 17:03:43,776 - INFO - Progress: 25.9% Speed: 0.00 B/s
2025-02-13 17:03:44,367 - INFO - Progress: 25.9% Speed: 0.00 B/s
2025-02-13 17:03:44,368 - INFO - Download stuck, mencoba restart...
2025-02-13 17:03:44,910 - INFO - Progress: 0.0% Speed: 0.00 B/s
2025-02-13 17:03:45,472 - INFO - Progress: 0.0% Speed: 0.00 B/s
2025-02-13 17:03:46,075 - INFO - Progress: 0.0% Speed: 0.00 B/s
2025-02-13 17:03:46,688 - INFO - Progress: 0.0% Speed: 0.00 B/s
2025-02-13 17:03:46,688 - INFO - Download stuck, mencoba restart...
2025-02-13 17:03:47,218 - INFO - Progress: 0.0% Speed: 0.00 B/s
2025-02-13 17:03:47,720 - INFO - Progress: 25.9% Speed: 0.00 B/s
2025-02-13 17:03:48,290 - INFO - Progress: 25.9% Speed: 0.00 B/s
2025-02-13 17:03:48,902 - INFO - Progress: 25.9% Speed: 0.00 B/s
2025-02-13 17:03:49,524 - INFO - Progress: 25.9% Speed: 0.00 B/s
2025-02-13 17:03:49,524 - INFO - Download stuck, mencoba restart...
2025-02-13 17:03:50,074 - INFO - Progress: 0.0% Speed: 0.00 B/s
2025-02-13 17:03:50,694 - INFO - Progress: 25.9% Speed: 0.00 B/s
2025-02-13 17:03:51,314 - INFO - Progress: 25.9% Speed: 0.00 B/s
2025-02-13 17:03:51,817 - INFO - Progress: 25.9% Speed: 0.00 B/s
2025-02-13 17:03:52,431 - INFO - Progress: 25.9% Speed: 0.00 B/s
2025-02-13 17:03:52,431 - INFO - Download stuck, mencoba restart...
2025-02-13 17:03:52,976 - INFO - Progress: 0.0% Speed: 0.00 B/s
2025-02-13 17:03:53,569 - INFO - Progress: 25.9% Speed: 0.00 B/s
2025-02-13 17:03:54,191 - INFO - Progress: 25.9% Speed: 0.00 B/s
2025-02-13 17:03:54,780 - INFO - Progress: 25.9% Speed: 0.00 B/s
2025-02-13 17:03:55,385 - INFO - Progress: 25.9% Speed: 0.00 B/s
2025-02-13 17:03:55,386 - INFO - Download stuck, mencoba restart...
2025-02-13 17:03:55,910 - INFO - Progress: 0.0% Speed: 0.00 B/s
2025-02-13 17:03:56,411 - INFO - Progress: 25.9% Speed: 0.00 B/s
2025-02-13 17:03:56,984 - INFO - Progress: 25.9% Speed: 0.00 B/s
2025-02-13 17:03:57,594 - INFO - Progress: 25.9% Speed: 0.00 B/s
2025-02-13 17:03:58,195 - INFO - Progress: 25.9% Speed: 0.00 B/s
2025-02-13 17:03:58,203 - INFO - Download stuck, mencoba restart...
2025-02-13 17:03:58,718 - INFO - Progress: 0.0% Speed: 0.00 B/s
2025-02-13 17:03:59,306 - INFO - Progress: 25.9% Speed: 0.00 B/s
2025-02-13 17:03:59,926 - INFO - Progress: 25.9% Speed: 0.00 B/s
2025-02-13 17:04:00,546 - INFO - Progress: 25.9% Speed: 0.00 B/s
2025-02-13 17:04:01,153 - INFO - Progress: 25.9% Speed: 0.00 B/s
2025-02-13 17:04:01,154 - INFO - Download stuck, mencoba restart...
2025-02-13 17:04:01,677 - INFO - Progress: 0.0% Speed: 0.00 B/s
2025-02-13 17:04:02,255 - INFO - Progress: 25.9% Speed: 0.00 B/s
2025-02-13 17:04:02,827 - INFO - Progress: 26.0% Speed: 410.60 KB/s
2025-02-13 17:04:03,408 - INFO - Progress: 26.1% Speed: 342.09 KB/s
2025-02-13 17:04:03,937 - ERROR - Error downloading Abang & Adek Fujian (PART 1).zip: Download dibatalkan oleh pengguna
2025-02-13 17:04:46,319 - INFO - [LINK] Memproses URL: https://www.terabox.com/sharing/link?surl=ysQ4aS7uzRzaDdp1YQkCrw
2025-02-13 17:04:46,320 - INFO - 🔗 Memproses URL: https://www.terabox.com/sharing/link?surl=ysQ4aS7uzRzaDdp1YQkCrw
2025-02-13 17:04:59,911 - INFO - [LINK] Memproses URL: https://1024terabox.com/s/1cLsWHtcpz5rAApE7HTwS5w
2025-02-13 17:04:59,911 - INFO - 🔗 Memproses URL: https://1024terabox.com/s/1cLsWHtcpz5rAApE7HTwS5w
2025-02-13 17:05:29,296 - INFO - Aria2 berhasil disetup
2025-02-13 17:06:05,205 - INFO - Mengambil link download untuk yang gak mau dianal1.mp4...
2025-02-13 17:06:06,716 - INFO - URL download: https://d.terabox.com/file/1b4a5f895ede31ab0d034a48a28fe863?fid=4399198423628-250528-241236259999521&dstime=1739441165&expires=1739441765&rt=sh&chkv=1&sign=FDtERVA-DCb740ccc5511e5e8fedcff06b081203-093RnK6uUdm03wpzFcthojKj7R8%3D&r=830383708&sharesign=qAZgFtumcijVsuGrEXhU35ZaaDJcMiHw99jWzBX61FzSoF0SV7JGGbQcZ5sOrZ4oggyWB5KfAH+MkX/iyROkAkdk2bTfizmG95lp5C/rhAY=&sh=1&region=jp
2025-02-13 17:06:06,717 - INFO - Memulai download yang gak mau dianal1.mp4 (8.17 MB)
2025-02-13 17:06:06,718 - INFO - Konfigurasi aria2 berhasil dibuat dengan trackers
2025-02-13 17:06:06,746 - INFO - Download berhasil ditambahkan ke aria2
2025-02-13 17:06:07,262 - INFO - Progress: 0.0% Speed: 0.00 B/s
2025-02-13 17:06:07,826 - INFO - Progress: 0.2% Speed: 1.14 MB/s
2025-02-13 17:06:08,423 - INFO - Progress: 3.8% Speed: 535.04 KB/s
2025-02-13 17:06:08,993 - INFO - Progress: 3.8% Speed: 279.41 KB/s
2025-02-13 17:06:09,575 - INFO - Progress: 3.8% Speed: 187.90 KB/s
2025-02-13 17:06:10,173 - INFO - Progress: 3.8% Speed: 140.47 KB/s
2025-02-13 17:06:10,174 - INFO - Download stuck, mencoba restart...
2025-02-13 17:06:10,685 - INFO - Progress: 0.0% Speed: 0.00 B/s
2025-02-13 17:06:11,269 - INFO - Progress: 3.8% Speed: 0.00 B/s
2025-02-13 17:06:11,853 - INFO - Progress: 3.8% Speed: 0.00 B/s
2025-02-13 17:06:12,475 - INFO - Progress: 3.8% Speed: 0.00 B/s
2025-02-13 17:06:13,035 - INFO - Progress: 3.8% Speed: 0.00 B/s
2025-02-13 17:06:13,035 - INFO - Download stuck, mencoba restart...
2025-02-13 17:06:13,594 - INFO - Progress: 0.0% Speed: 0.00 B/s
2025-02-13 17:06:14,183 - INFO - Progress: 3.8% Speed: 0.00 B/s
2025-02-13 17:06:14,776 - INFO - Progress: 3.8% Speed: 0.00 B/s
2025-02-13 17:06:15,324 - INFO - Progress: 3.8% Speed: 0.00 B/s
2025-02-13 17:06:15,945 - INFO - Progress: 3.8% Speed: 0.00 B/s
2025-02-13 17:06:15,946 - INFO - Download stuck, mencoba restart...
2025-02-13 17:06:16,503 - INFO - Progress: 0.0% Speed: 0.00 B/s
2025-02-13 17:06:17,078 - INFO - Progress: 3.8% Speed: 0.00 B/s
2025-02-13 17:06:17,660 - INFO - Progress: 3.8% Speed: 0.00 B/s
2025-02-13 17:06:18,215 - INFO - Progress: 3.8% Speed: 0.00 B/s
2025-02-13 17:06:18,781 - INFO - Progress: 3.8% Speed: 0.00 B/s
2025-02-13 17:06:18,781 - INFO - Download stuck, mencoba restart...
2025-02-13 17:06:19,310 - INFO - Progress: 0.0% Speed: 0.00 B/s
2025-02-13 17:06:19,867 - INFO - Progress: 3.8% Speed: 0.00 B/s
2025-02-13 17:06:20,486 - INFO - Progress: 3.8% Speed: 0.00 B/s
2025-02-13 17:06:21,068 - INFO - Progress: 3.8% Speed: 0.00 B/s
2025-02-13 17:06:21,640 - INFO - Progress: 3.8% Speed: 0.00 B/s
2025-02-13 17:06:21,640 - INFO - Download stuck, mencoba restart...
2025-02-13 17:06:22,161 - INFO - Progress: 0.0% Speed: 0.00 B/s
2025-02-13 17:06:22,758 - INFO - Progress: 3.8% Speed: 0.00 B/s
2025-02-13 17:06:23,330 - INFO - Progress: 3.8% Speed: 0.00 B/s
2025-02-13 17:06:23,898 - INFO - Progress: 3.8% Speed: 0.00 B/s
2025-02-13 17:06:24,507 - INFO - Progress: 3.8% Speed: 0.00 B/s
2025-02-13 17:06:24,507 - INFO - Download stuck, mencoba restart...
2025-02-13 17:06:25,010 - INFO - Progress: 0.0% Speed: 0.00 B/s
2025-02-13 17:06:25,559 - INFO - Progress: 3.8% Speed: 0.00 B/s
2025-02-13 17:06:26,093 - INFO - Progress: 3.8% Speed: 0.00 B/s
2025-02-13 17:06:26,674 - INFO - Progress: 3.8% Speed: 0.00 B/s
2025-02-13 17:06:27,257 - INFO - Progress: 3.8% Speed: 0.00 B/s
2025-02-13 17:06:27,258 - INFO - Download stuck, mencoba restart...
2025-02-13 17:06:27,761 - INFO - Progress: 0.0% Speed: 0.00 B/s
2025-02-13 17:06:28,344 - INFO - Progress: 3.8% Speed: 0.00 B/s
2025-02-13 17:06:28,962 - INFO - Progress: 3.8% Speed: 0.00 B/s
2025-02-13 17:06:29,462 - ERROR - Error downloading yang gak mau dianal1.mp4: Download dibatalkan oleh pengguna
2025-02-13 17:06:29,618 - INFO - Mengambil link download untuk yang gak mau dianal.mp4...
2025-02-13 17:06:34,828 - INFO - [LINK] Memproses URL: https://www.terabox.com/sharing/link?surl=ysQ4aS7uzRzaDdp1YQkCrw
2025-02-13 17:06:34,830 - INFO - 🔗 Memproses URL: https://www.terabox.com/sharing/link?surl=ysQ4aS7uzRzaDdp1YQkCrw
2025-02-13 17:07:17,431 - INFO - [LINK] Memproses URL: https://www.terabox.com/sharing/link?surl=ysQ4aS7uzRzaDdp1YQkCrw
2025-02-13 17:07:17,431 - INFO - 🔗 Memproses URL: https://www.terabox.com/sharing/link?surl=ysQ4aS7uzRzaDdp1YQkCrw
2025-02-13 17:07:53,729 - INFO - [LINK] Memproses URL: https://www.terabox.com/sharing/link?surl=ysQ4aS7uzRzaDdp1YQkCrw
2025-02-13 17:07:53,730 - INFO - 🔗 Memproses URL: https://www.terabox.com/sharing/link?surl=ysQ4aS7uzRzaDdp1YQkCrw
2025-02-13 17:09:54,188 - INFO - Aria2 berhasil disetup
2025-02-13 17:10:29,719 - INFO - Mengambil link download untuk yang gak mau dianal1.mp4...
2025-02-13 17:10:31,334 - INFO - URL download: https://d.terabox.com/file/1b4a5f895ede31ab0d034a48a28fe863?fid=4399198423628-250528-241236259999521&dstime=1739441430&expires=1739442030&rt=sh&chkv=1&sign=FDtERVA-DCb740ccc5511e5e8fedcff06b081203-5wV%2BNyHET927bfsOEprgoN%2FhzgM%3D&r=838180342&sharesign=qAZgFtumcijVsuGrEXhU35ZaaDJcMiHw99jWzBX61FzSoF0SV7JGGbQcZ5sOrZ4oggyWB5KfAH+MkX/iyROkAkdk2bTfizmG95lp5C/rhAY=&sh=1&region=jp
2025-02-13 17:10:31,404 - INFO - Memulai download yang gak mau dianal1.mp4 (8.17 MB)
2025-02-13 17:10:31,657 - INFO - Konfigurasi aria2 berhasil dibuat dengan trackers
2025-02-13 17:10:31,685 - INFO - Download berhasil ditambahkan ke aria2 dengan priority network
2025-02-13 17:10:32,271 - INFO - Progress: 0.0% Speed: 0.00 B/s
2025-02-13 17:10:32,891 - INFO - Progress: 0.0% Speed: 0.00 B/s
2025-02-13 17:10:33,462 - INFO - Progress: 0.0% Speed: 0.00 B/s
2025-02-13 17:10:33,462 - INFO - Download stuck, mencoba restart...
2025-02-13 17:10:33,994 - INFO - Progress: 0.0% Speed: 0.00 B/s
2025-02-13 17:10:34,271 - INFO - Mengambil link download untuk yang gak mau dianal.mp4...
2025-02-13 17:10:35,629 - INFO - URL download: https://d.terabox.com/file/791bc68dea39950413955c9902517caf?fid=4399198423628-250528-145085496156584&dstime=1739441434&expires=1739442034&rt=sh&chkv=1&sign=FDtERVA-DCb740ccc5511e5e8fedcff06b081203-RwHW%2FquiCLHey7alfvOVFnnsAAI%3D&r=985255594&sharesign=qAZgFtumcijVsuGrEXhU35ZaaDJcMiHw99jWzBX61FzSoF0SV7JGGbQcZ5sOrZ4oggyWB5KfAH+MkX/iyROkAkdk2bTfizmG95lp5C/rhAY=&sh=1&region=jp
2025-02-13 17:10:35,673 - INFO - Memulai download yang gak mau dianal.mp4 (2.07 MB)
2025-02-13 17:10:35,675 - INFO - Konfigurasi aria2 berhasil dibuat dengan trackers
2025-02-13 17:10:35,681 - INFO - Download berhasil ditambahkan ke aria2 dengan priority network
2025-02-13 17:10:36,245 - INFO - Progress: 0.0% Speed: 0.00 B/s
2025-02-13 17:10:36,829 - INFO - Progress: 0.0% Speed: 0.00 B/s
2025-02-13 17:10:37,357 - INFO - Progress: 0.0% Speed: 0.00 B/s
2025-02-13 17:10:37,358 - INFO - Download stuck, mencoba restart...
2025-02-13 17:10:37,942 - INFO - Progress: 0.0% Speed: 0.00 B/s
2025-02-13 17:10:38,489 - INFO - Progress: 0.0% Speed: 0.00 B/s
2025-02-13 17:10:39,071 - INFO - Progress: 0.0% Speed: 0.00 B/s
2025-02-13 17:10:39,071 - INFO - Download stuck, mencoba restart...
2025-02-13 17:10:39,608 - INFO - Progress: 0.0% Speed: 0.00 B/s
2025-02-13 17:10:40,169 - INFO - Progress: 0.0% Speed: 0.00 B/s
2025-02-13 17:10:40,699 - INFO - Progress: 0.0% Speed: 0.00 B/s
2025-02-13 17:10:40,699 - INFO - Download stuck, mencoba restart...
2025-02-13 17:10:41,201 - INFO - Progress: 0.0% Speed: 0.00 B/s
2025-02-13 17:10:41,785 - INFO - Progress: 0.0% Speed: 0.00 B/s
2025-02-13 17:10:42,343 - INFO - Progress: 0.0% Speed: 0.00 B/s
2025-02-13 17:10:42,343 - INFO - Download stuck, mencoba restart...
2025-02-13 17:10:42,893 - INFO - Progress: 0.0% Speed: 0.00 B/s
2025-02-13 17:10:43,427 - INFO - Progress: 0.0% Speed: 0.00 B/s
2025-02-13 17:10:43,992 - INFO - Progress: 0.0% Speed: 0.00 B/s
2025-02-13 17:10:43,992 - INFO - Download stuck, mencoba restart...
2025-02-13 17:10:44,533 - INFO - Progress: 0.0% Speed: 0.00 B/s
2025-02-13 17:10:45,077 - INFO - Progress: 0.0% Speed: 0.00 B/s
2025-02-13 17:10:45,638 - INFO - Progress: 0.0% Speed: 0.00 B/s
2025-02-13 17:10:45,639 - INFO - Download stuck, mencoba restart...
2025-02-13 17:10:46,236 - INFO - Progress: 0.0% Speed: 0.00 B/s
2025-02-13 17:10:46,736 - INFO - Progress: 0.0% Speed: 0.00 B/s
2025-02-13 17:10:47,335 - INFO - Progress: 0.0% Speed: 0.00 B/s
2025-02-13 17:10:47,336 - INFO - Download stuck, mencoba restart...
2025-02-13 17:10:47,941 - INFO - Progress: 0.0% Speed: 0.00 B/s
2025-02-13 17:10:48,557 - INFO - Progress: 0.0% Speed: 0.00 B/s
2025-02-13 17:10:49,117 - INFO - Progress: 0.0% Speed: 0.00 B/s
2025-02-13 17:10:49,118 - INFO - Download stuck, mencoba restart...
2025-02-13 17:10:49,683 - INFO - Progress: 0.0% Speed: 0.00 B/s
2025-02-13 17:10:50,273 - INFO - Progress: 0.0% Speed: 0.00 B/s
2025-02-13 17:10:50,893 - INFO - Progress: 0.0% Speed: 0.00 B/s
2025-02-13 17:10:50,893 - INFO - Download stuck, mencoba restart...
2025-02-13 17:10:51,408 - INFO - Progress: 0.0% Speed: 0.00 B/s
2025-02-13 17:10:51,996 - INFO - Progress: 0.0% Speed: 0.00 B/s
2025-02-13 17:10:52,512 - INFO - Progress: 0.0% Speed: 0.00 B/s
2025-02-13 17:10:52,512 - INFO - Download stuck, mencoba restart...
2025-02-13 17:10:53,130 - INFO - Progress: 0.0% Speed: 0.00 B/s
2025-02-13 17:10:53,677 - INFO - Progress: 0.0% Speed: 0.00 B/s
2025-02-13 17:10:54,268 - INFO - Progress: 0.0% Speed: 0.00 B/s
2025-02-13 17:10:54,268 - INFO - Download stuck, mencoba restart...
2025-02-13 17:10:54,795 - INFO - Progress: 0.0% Speed: 0.00 B/s
2025-02-13 17:10:55,396 - INFO - Progress: 0.0% Speed: 0.00 B/s
2025-02-13 17:10:55,947 - INFO - Progress: 0.0% Speed: 0.00 B/s
2025-02-13 17:10:55,947 - INFO - Download stuck, mencoba restart...
2025-02-13 17:10:56,545 - INFO - Progress: 0.0% Speed: 0.00 B/s
2025-02-13 17:10:57,126 - INFO - Progress: 0.0% Speed: 0.00 B/s
2025-02-13 17:10:57,699 - INFO - Progress: 0.0% Speed: 0.00 B/s
2025-02-13 17:10:57,699 - INFO - Download stuck, mencoba restart...
2025-02-13 17:10:58,231 - INFO - Progress: 0.0% Speed: 0.00 B/s
2025-02-13 17:10:58,788 - INFO - Progress: 0.0% Speed: 0.00 B/s
2025-02-13 17:10:59,377 - INFO - Progress: 0.0% Speed: 0.00 B/s
2025-02-13 17:10:59,377 - INFO - Download stuck, mencoba restart...
2025-02-13 17:10:59,886 - INFO - Progress: 0.0% Speed: 0.00 B/s
2025-02-13 17:11:00,439 - INFO - Progress: 0.0% Speed: 0.00 B/s
2025-02-13 17:11:00,989 - INFO - Progress: 9.6% Speed: 213.46 KB/s
2025-02-13 17:11:01,549 - INFO - Progress: 18.6% Speed: 257.66 KB/s
2025-02-13 17:11:02,079 - INFO - Progress: 18.6% Speed: 193.31 KB/s
2025-02-13 17:11:02,619 - INFO - Progress: 18.6% Speed: 154.03 KB/s
2025-02-13 17:11:03,219 - INFO - Progress: 18.6% Speed: 125.67 KB/s
2025-02-13 17:11:03,220 - INFO - Download stuck, mencoba restart...
2025-02-13 17:11:03,702 - INFO - Mengambil link download untuk Udah lama gak dimasukin part2.mp4...
2025-02-13 17:11:05,307 - INFO - URL download: https://d.terabox.com/file/933d5c3bf6255168171a664f0f45b5c9?fid=4399198423628-250528-979046057297299&dstime=1739441464&expires=1739442064&rt=sh&chkv=1&sign=FDtERVA-DCb740ccc5511e5e8fedcff06b081203-bO7eygg05VQv747CpRsEKljPRwM%3D&r=343335813&sharesign=qAZgFtumcijVsuGrEXhU35ZaaDJcMiHw99jWzBX61FzSoF0SV7JGGbQcZ5sOrZ4oggyWB5KfAH+MkX/iyROkAkdk2bTfizmG95lp5C/rhAY=&sh=1&region=jp
2025-02-13 17:11:05,308 - INFO - Memulai download Udah lama gak dimasukin part2.mp4 (3.36 MB)
2025-02-13 17:11:05,310 - INFO - Konfigurasi aria2 berhasil dibuat dengan trackers
2025-02-13 17:11:05,328 - INFO - Download berhasil ditambahkan ke aria2 dengan priority network
2025-02-13 17:11:05,868 - INFO - Progress: 0.0% Speed: 0.00 B/s
2025-02-13 17:11:06,462 - INFO - Progress: 0.0% Speed: 0.00 B/s
2025-02-13 17:11:07,034 - INFO - Progress: 0.0% Speed: 0.00 B/s
2025-02-13 17:11:07,035 - INFO - Download stuck, mencoba restart...
2025-02-13 17:11:07,556 - INFO - Progress: 0.0% Speed: 0.00 B/s
2025-02-13 17:11:08,174 - INFO - Progress: 0.0% Speed: 0.00 B/s
2025-02-13 17:11:08,769 - INFO - Progress: 0.0% Speed: 0.00 B/s
2025-02-13 17:11:08,769 - INFO - Download stuck, mencoba restart...
2025-02-13 17:11:09,284 - INFO - Progress: 0.0% Speed: 0.00 B/s
2025-02-13 17:11:09,842 - INFO - Progress: 9.3% Speed: 784.31 KB/s
2025-02-13 17:11:10,413 - INFO - Progress: 9.3% Speed: 334.34 KB/s
2025-02-13 17:11:11,007 - INFO - Progress: 9.3% Speed: 209.51 KB/s
2025-02-13 17:11:11,596 - INFO - Progress: 9.3% Speed: 153.04 KB/s
2025-02-13 17:11:11,596 - INFO - Download stuck, mencoba restart...
2025-02-13 17:11:12,111 - INFO - Progress: 0.0% Speed: 0.00 B/s
2025-02-13 17:11:12,678 - INFO - Progress: 9.3% Speed: 0.00 B/s
2025-02-13 17:11:13,234 - INFO - Progress: 9.3% Speed: 0.00 B/s
2025-02-13 17:11:13,824 - INFO - Progress: 9.3% Speed: 0.00 B/s
2025-02-13 17:11:14,416 - INFO - Progress: 9.3% Speed: 0.00 B/s
2025-02-13 17:11:14,416 - INFO - Download stuck, mencoba restart...
2025-02-13 17:11:15,036 - INFO - Progress: 0.0% Speed: 0.00 B/s
2025-02-13 17:11:15,647 - INFO - Progress: 9.3% Speed: 0.00 B/s
2025-02-13 17:11:16,236 - INFO - Progress: 9.3% Speed: 0.00 B/s
2025-02-13 17:11:16,811 - INFO - Progress: 9.3% Speed: 0.00 B/s
2025-02-13 17:11:17,401 - INFO - Progress: 9.3% Speed: 0.00 B/s
2025-02-13 17:11:17,401 - INFO - Download stuck, mencoba restart...
2025-02-13 17:11:17,921 - INFO - Progress: 0.0% Speed: 0.00 B/s
2025-02-13 17:11:18,474 - INFO - Progress: 9.3% Speed: 0.00 B/s
2025-02-13 17:11:19,053 - INFO - Progress: 9.3% Speed: 0.00 B/s
2025-02-13 17:11:19,596 - INFO - Progress: 9.3% Speed: 0.00 B/s
2025-02-13 17:11:20,139 - INFO - Progress: 9.3% Speed: 0.00 B/s
2025-02-13 17:11:20,139 - INFO - Download stuck, mencoba restart...
2025-02-13 17:11:20,691 - INFO - Progress: 0.0% Speed: 0.00 B/s
2025-02-13 17:11:21,269 - INFO - Progress: 9.3% Speed: 0.00 B/s
2025-02-13 17:11:21,829 - INFO - Progress: 9.3% Speed: 0.00 B/s
2025-02-13 17:11:22,391 - INFO - Progress: 9.3% Speed: 0.00 B/s
2025-02-13 17:11:22,931 - INFO - Progress: 9.3% Speed: 0.00 B/s
2025-02-13 17:11:22,933 - INFO - Download stuck, mencoba restart...
2025-02-13 17:11:23,497 - INFO - Progress: 0.0% Speed: 0.00 B/s
2025-02-13 17:11:24,068 - INFO - Progress: 9.3% Speed: 0.00 B/s
2025-02-13 17:11:24,639 - INFO - Progress: 9.3% Speed: 0.00 B/s
2025-02-13 17:11:25,169 - INFO - Progress: 9.3% Speed: 0.00 B/s
2025-02-13 17:11:25,701 - INFO - Progress: 9.3% Speed: 0.00 B/s
2025-02-13 17:11:25,701 - INFO - Download stuck, mencoba restart...
2025-02-13 17:11:26,281 - INFO - Progress: 9.3% Speed: 0.00 B/s
2025-02-13 17:11:26,833 - INFO - Progress: 9.3% Speed: 0.00 B/s
2025-02-13 17:11:27,403 - INFO - Progress: 9.3% Speed: 0.00 B/s
2025-02-13 17:11:27,403 - INFO - Download stuck, mencoba restart...
2025-02-13 17:11:27,924 - INFO - Progress: 0.0% Speed: 0.00 B/s
2025-02-13 17:11:28,449 - INFO - Progress: 9.3% Speed: 0.00 B/s
2025-02-13 17:11:29,011 - INFO - Progress: 9.3% Speed: 0.00 B/s
2025-02-13 17:11:29,559 - INFO - Progress: 9.3% Speed: 0.00 B/s
2025-02-13 17:11:30,109 - INFO - Progress: 9.3% Speed: 0.00 B/s
2025-02-13 17:11:30,110 - INFO - Download stuck, mencoba restart...
2025-02-13 17:11:30,696 - INFO - Progress: 0.0% Speed: 0.00 B/s
2025-02-13 17:11:31,234 - INFO - Progress: 9.3% Speed: 0.00 B/s
2025-02-13 17:11:31,775 - INFO - Progress: 9.3% Speed: 0.00 B/s
2025-02-13 17:11:32,322 - INFO - Progress: 9.3% Speed: 0.00 B/s
2025-02-13 17:11:32,863 - INFO - Progress: 9.3% Speed: 0.00 B/s
2025-02-13 17:11:32,865 - INFO - Download stuck, mencoba restart...
2025-02-13 17:11:33,445 - INFO - Progress: 9.3% Speed: 0.00 B/s
2025-02-13 17:11:33,997 - INFO - Progress: 9.3% Speed: 0.00 B/s
2025-02-13 17:11:34,529 - INFO - Progress: 9.3% Speed: 0.00 B/s
2025-02-13 17:11:34,530 - INFO - Download stuck, mencoba restart...
2025-02-13 17:11:35,079 - INFO - Progress: 0.0% Speed: 0.00 B/s
2025-02-13 17:13:55,215 - INFO - Aria2 berhasil disetup
2025-02-13 17:14:05,946 - INFO - Mengambil link download untuk sambil live stream.mp4...
2025-02-13 17:14:07,439 - INFO - URL download: https://d.terabox.com/file/ad38793999883d9cdf433dd62644d4c9?fid=4399198423628-250528-621853310869487&dstime=1739441646&expires=1739446555&rt=sh&chkv=1&sign=FDtERVA-DCb740ccc5511e5e8fedcff06b081203-QxEMhLFnancjWegpN%2FK5OphQCrg%3D&r=451521191&sharesign=qAZgFtumcijVsuGrEXhU35ZaaDJcMiHw99jWzBX61FzSoF0SV7JGGbQcZ5sOrZ4oggyWB5KfAH+MkX/iyROkAkdk2bTfizmG95lp5C/rhAY=&sh=1&region=jp
2025-02-13 17:14:07,440 - INFO - Memulai download sambil live stream.mp4 (239.69 MB)
2025-02-13 17:14:07,441 - INFO - Konfigurasi aria2 berhasil dibuat dengan trackers
2025-02-13 17:14:07,492 - INFO - Download berhasil ditambahkan ke aria2 dengan priority network
2025-02-13 17:14:08,076 - INFO - Progress: 0.0% Speed: 0.00 B/s
2025-02-13 17:14:08,594 - INFO - Progress: 0.0% Speed: 0.00 B/s
2025-02-13 17:14:09,169 - INFO - Progress: 0.0% Speed: 16.75 KB/s
2025-02-13 17:14:09,170 - INFO - Download stuck, mencoba restart...
2025-02-13 17:14:09,773 - INFO - Progress: 0.0% Speed: 0.00 B/s
